<?xml version="1.0" encoding="UTF-8"?>
<testsuite xmlns:xsi="http://www.w3.org/2001/XMLSchema-instance" xsi:noNamespaceSchemaLocation="https://maven.apache.org/surefire/maven-surefire-plugin/xsd/surefire-test-report.xsd" version="3.0.2" name="hellocucumber.RunCucumberTest" time="0.109" tests="1" errors="0" skipped="0" failures="0">
  <properties>
    <property name="java.specification.version" value="17"/>
    <property name="sun.jnu.encoding" value="UTF-8"/>
    <property name="java.class.path" value="/home/poe/CSIS602/hellocucumber/target/test-classes:/home/poe/CSIS602/hellocucumber/target/classes:/home/poe/.m2/repository/io/cucumber/cucumber-java/7.29.0/cucumber-java-7.29.0.jar:/home/poe/.m2/repository/io/cucumber/cucumber-core/7.29.0/cucumber-core-7.29.0.jar:/home/poe/.m2/repository/io/cucumber/cucumber-gherkin/7.29.0/cucumber-gherkin-7.29.0.jar:/home/poe/.m2/repository/io/cucumber/cucumber-gherkin-messages/7.29.0/cucumber-gherkin-messages-7.29.0.jar:/home/poe/.m2/repository/io/cucumber/gherkin/35.1.0/gherkin-35.1.0.jar:/home/poe/.m2/repository/io/cucumber/messages/29.0.1/messages-29.0.1.jar:/home/poe/.m2/repository/io/cucumber/pretty-formatter/2.3.0/pretty-formatter-2.3.0.jar:/home/poe/.m2/repository/io/cucumber/query/14.3.0/query-14.3.0.jar:/home/poe/.m2/repository/io/cucumber/teamcity-formatter/0.1.1/teamcity-formatter-0.1.1.jar:/home/poe/.m2/repository/io/cucumber/testng-xml-formatter/0.6.0/testng-xml-formatter-0.6.0.jar:/home/poe/.m2/repository/io/cucumber/tag-expressions/6.1.2/tag-expressions-6.1.2.jar:/home/poe/.m2/repository/io/cucumber/cucumber-expressions/18.0.1/cucumber-expressions-18.0.1.jar:/home/poe/.m2/repository/io/cucumber/cucumber-json-formatter/0.2.1/cucumber-json-formatter-0.2.1.jar:/home/poe/.m2/repository/io/cucumber/datatable/7.29.0/datatable-7.29.0.jar:/home/poe/.m2/repository/io/cucumber/cucumber-plugin/7.29.0/cucumber-plugin-7.29.0.jar:/home/poe/.m2/repository/io/cucumber/docstring/7.29.0/docstring-7.29.0.jar:/home/poe/.m2/repository/io/cucumber/html-formatter/21.15.1/html-formatter-21.15.1.jar:/home/poe/.m2/repository/io/cucumber/junit-xml-formatter/0.9.0/junit-xml-formatter-0.9.0.jar:/home/poe/.m2/repository/io/cucumber/ci-environment/10.0.1/ci-environment-10.0.1.jar:/home/poe/.m2/repository/org/apiguardian/apiguardian-api/1.1.2/apiguardian-api-1.1.2.jar:/home/poe/.m2/repository/io/cucumber/cucumber-junit-platform-engine/7.29.0/cucumber-junit-platform-engine-7.29.0.jar:/home/poe/.m2/repository/org/junit/platform/junit-platform-engine/1.13.4/junit-platform-engine-1.13.4.jar:/home/poe/.m2/repository/org/opentest4j/opentest4j/1.3.0/opentest4j-1.3.0.jar:/home/poe/.m2/repository/org/junit/platform/junit-platform-commons/1.13.4/junit-platform-commons-1.13.4.jar:/home/poe/.m2/repository/org/junit/platform/junit-platform-suite/1.13.4/junit-platform-suite-1.13.4.jar:/home/poe/.m2/repository/org/junit/platform/junit-platform-suite-api/1.13.4/junit-platform-suite-api-1.13.4.jar:/home/poe/.m2/repository/org/junit/platform/junit-platform-suite-engine/1.13.4/junit-platform-suite-engine-1.13.4.jar:/home/poe/.m2/repository/org/junit/platform/junit-platform-suite-commons/1.13.4/junit-platform-suite-commons-1.13.4.jar:/home/poe/.m2/repository/org/junit/platform/junit-platform-launcher/1.13.4/junit-platform-launcher-1.13.4.jar:/home/poe/.m2/repository/org/assertj/assertj-core/3.27.5/assertj-core-3.27.5.jar:/home/poe/.m2/repository/net/bytebuddy/byte-buddy/1.17.7/byte-buddy-1.17.7.jar:"/>
    <property name="java.vm.vendor" value="Amazon.com Inc."/>
    <property name="sun.arch.data.model" value="64"/>
    <property name="java.vendor.url" value="https://aws.amazon.com/corretto/"/>
    <property name="os.name" value="Linux"/>
    <property name="java.vm.specification.version" value="17"/>
    <property name="sun.java.launcher" value="SUN_STANDARD"/>
    <property name="user.country" value="US"/>
    <property name="sun.boot.library.path" value="/home/poe/.sdkman/candidates/java/17.0.16-amzn/lib"/>
    <property name="sun.java.command" value="/home/poe/CSIS602/hellocucumber/target/surefire/surefirebooter-20251006222556955_3.jar /home/poe/CSIS602/hellocucumber/target/surefire 2025-10-06T22-25-56_878-jvmRun1 surefire-20251006222556955_1tmp surefire_0-20251006222556955_2tmp"/>
    <property name="jdk.debug" value="release"/>
    <property name="surefire.test.class.path" value="/home/poe/CSIS602/hellocucumber/target/test-classes:/home/poe/CSIS602/hellocucumber/target/classes:/home/poe/.m2/repository/io/cucumber/cucumber-java/7.29.0/cucumber-java-7.29.0.jar:/home/poe/.m2/repository/io/cucumber/cucumber-core/7.29.0/cucumber-core-7.29.0.jar:/home/poe/.m2/repository/io/cucumber/cucumber-gherkin/7.29.0/cucumber-gherkin-7.29.0.jar:/home/poe/.m2/repository/io/cucumber/cucumber-gherkin-messages/7.29.0/cucumber-gherkin-messages-7.29.0.jar:/home/poe/.m2/repository/io/cucumber/gherkin/35.1.0/gherkin-35.1.0.jar:/home/poe/.m2/repository/io/cucumber/messages/29.0.1/messages-29.0.1.jar:/home/poe/.m2/repository/io/cucumber/pretty-formatter/2.3.0/pretty-formatter-2.3.0.jar:/home/poe/.m2/repository/io/cucumber/query/14.3.0/query-14.3.0.jar:/home/poe/.m2/repository/io/cucumber/teamcity-formatter/0.1.1/teamcity-formatter-0.1.1.jar:/home/poe/.m2/repository/io/cucumber/testng-xml-formatter/0.6.0/testng-xml-formatter-0.6.0.jar:/home/poe/.m2/repository/io/cucumber/tag-expressions/6.1.2/tag-expressions-6.1.2.jar:/home/poe/.m2/repository/io/cucumber/cucumber-expressions/18.0.1/cucumber-expressions-18.0.1.jar:/home/poe/.m2/repository/io/cucumber/cucumber-json-formatter/0.2.1/cucumber-json-formatter-0.2.1.jar:/home/poe/.m2/repository/io/cucumber/datatable/7.29.0/datatable-7.29.0.jar:/home/poe/.m2/repository/io/cucumber/cucumber-plugin/7.29.0/cucumber-plugin-7.29.0.jar:/home/poe/.m2/repository/io/cucumber/docstring/7.29.0/docstring-7.29.0.jar:/home/poe/.m2/repository/io/cucumber/html-formatter/21.15.1/html-formatter-21.15.1.jar:/home/poe/.m2/repository/io/cucumber/junit-xml-formatter/0.9.0/junit-xml-formatter-0.9.0.jar:/home/poe/.m2/repository/io/cucumber/ci-environment/10.0.1/ci-environment-10.0.1.jar:/home/poe/.m2/repository/org/apiguardian/apiguardian-api/1.1.2/apiguardian-api-1.1.2.jar:/home/poe/.m2/repository/io/cucumber/cucumber-junit-platform-engine/7.29.0/cucumber-junit-platform-engine-7.29.0.jar:/home/poe/.m2/repository/org/junit/platform/junit-platform-engine/1.13.4/junit-platform-engine-1.13.4.jar:/home/poe/.m2/repository/org/opentest4j/opentest4j/1.3.0/opentest4j-1.3.0.jar:/home/poe/.m2/repository/org/junit/platform/junit-platform-commons/1.13.4/junit-platform-commons-1.13.4.jar:/home/poe/.m2/repository/org/junit/platform/junit-platform-suite/1.13.4/junit-platform-suite-1.13.4.jar:/home/poe/.m2/repository/org/junit/platform/junit-platform-suite-api/1.13.4/junit-platform-suite-api-1.13.4.jar:/home/poe/.m2/repository/org/junit/platform/junit-platform-suite-engine/1.13.4/junit-platform-suite-engine-1.13.4.jar:/home/poe/.m2/repository/org/junit/platform/junit-platform-suite-commons/1.13.4/junit-platform-suite-commons-1.13.4.jar:/home/poe/.m2/repository/org/junit/platform/junit-platform-launcher/1.13.4/junit-platform-launcher-1.13.4.jar:/home/poe/.m2/repository/org/assertj/assertj-core/3.27.5/assertj-core-3.27.5.jar:/home/poe/.m2/repository/net/bytebuddy/byte-buddy/1.17.7/byte-buddy-1.17.7.jar:"/>
    <property name="sun.cpu.endian" value="little"/>
    <property name="user.home" value="/home/poe"/>
    <property name="user.language" value="en"/>
    <property name="java.specification.vendor" value="Oracle Corporation"/>
    <property name="java.version.date" value="2025-07-15"/>
    <property name="java.home" value="/home/poe/.sdkman/candidates/java/17.0.16-amzn"/>
    <property name="file.separator" value="/"/>
    <property name="basedir" value="/home/poe/CSIS602/hellocucumber"/>
    <property name="java.vm.compressedOopsMode" value="Zero based"/>
    <property name="line.separator" value="&#10;"/>
    <property name="java.specification.name" value="Java Platform API Specification"/>
    <property name="java.vm.specification.vendor" value="Oracle Corporation"/>
    <property name="surefire.real.class.path" value="/home/poe/CSIS602/hellocucumber/target/surefire/surefirebooter-20251006222556955_3.jar"/>
    <property name="sun.management.compiler" value="HotSpot 64-Bit Tiered Compilers"/>
    <property name="java.runtime.version" value="17.0.16+8-LTS"/>
    <property name="user.name" value="poe"/>
    <property name="path.separator" value=":"/>
    <property name="os.version" value="6.6.87.2-microsoft-standard-WSL2"/>
    <property name="java.runtime.name" value="OpenJDK Runtime Environment"/>
    <property name="file.encoding" value="UTF-8"/>
    <property name="java.vm.name" value="OpenJDK 64-Bit Server VM"/>
    <property name="java.vendor.version" value="Corretto-17.0.16.8.1"/>
    <property name="localRepository" value="/home/poe/.m2/repository"/>
    <property name="java.vendor.url.bug" value="https://github.com/corretto/corretto-17/issues/"/>
    <property name="java.io.tmpdir" value="/tmp"/>
    <property name="java.version" value="17.0.16"/>
    <property name="user.dir" value="/home/poe/CSIS602/hellocucumber"/>
    <property name="os.arch" value="amd64"/>
    <property name="java.vm.specification.name" value="Java Virtual Machine Specification"/>
    <property name="native.encoding" value="UTF-8"/>
    <property name="java.library.path" value="/usr/java/packages/lib:/usr/lib64:/lib64:/lib:/usr/lib"/>
    <property name="java.vm.info" value="mixed mode, sharing"/>
    <property name="java.vendor" value="Amazon.com Inc."/>
    <property name="java.vm.version" value="17.0.16+8-LTS"/>
    <property name="java.specification.maintenance.version" value="1"/>
    <property name="sun.io.unicode.encoding" value="UnicodeLittle"/>
    <property name="java.class.version" value="61.0"/>
  </properties>
  <testcase name="An example - The example" classname="RunCucumberTest" time="0.048">
    <system-out><![CDATA[
&amp#27;[1mScenario:&amp#27;[22m The example                         &amp#27;[90m# classpath:hellocucumber/example.feature:3&amp#27;[39m
  &amp#27;[32m✔&amp#27;[39m &amp#27;[32m&amp#27;[1mGiven &amp#27;[22man example scenario&amp#27;[39m                 &amp#27;[90m# hellocucumber.StepDefinitions.anExampleScenario()&amp#27;[39m
  &amp#27;[32m✔&amp#27;[39m &amp#27;[32m&amp#27;[1mWhen &amp#27;[22mall step definitions are implemented&amp#27;[39m &amp#27;[90m# hellocucumber.StepDefinitions.allStepDefinitionsAreImplemented()&amp#27;[39m
  &amp#27;[32m✔&amp#27;[39m &amp#27;[32m&amp#27;[1mThen &amp#27;[22mthe scenario passes&amp#27;[39m                  &amp#27;[90m# hellocucumber.StepDefinitions.theScenarioPasses()&amp#27;[39m
]]></system-out>
  </testcase>
</testsuite>